Mise à jour du fichier /home/eleazar/N-Eleazar/README.md effectuée avec succès.
Attention : ce répertoire n'est pas un dépôt Git valide. Aucune opération Git ne sera effectuée.
Mise à jour du fichier /home/eleazar/N-Eleazar/README.md effectuée avec succès.
Des modifications détectées. Commit et push en cours...
[main b9ea408] Mise à jour automatique via script
 2 files changed, 5 insertions(+), 1 deletion(-)
 create mode 100644 update_push.log
To https://github.com/enabeteleazar/N-Eleazar.git
   4f0eebc..b9ea408  main -> main
Mise à jour du fichier /home/eleazar/N-Eleazar/README.md effectuée avec succès.
Des modifications détectées. Commit et push en cours...
[main cb04319] Mise à jour automatique via script
 4 files changed, 48 insertions(+), 1 deletion(-)
 create mode 100644 gpt2_docker/dockerfile
 create mode 100644 gpt2_docker/run_gpt2.py
To https://github.com/enabeteleazar/N-Eleazar.git
   12ed9b4..cb04319  main -> main
Mise à jour du fichier /home/eleazar/N-Eleazar/README.md effectuée avec succès.
Des modifications détectées. Commit et push en cours...
[main 3575b09] Mise à jour automatique via script
 2 files changed, 4 insertions(+), 2 deletions(-)
To https://github.com/enabeteleazar/N-Eleazar.git
   289ee8c..3575b09  main -> main
Mise à jour du fichier /home/eleazar/N-Eleazar/README.md effectuée avec succès.
Des modifications détectées. Commit et push en cours...
[main e064237] Mise à jour automatique via script
 2 files changed, 8 insertions(+), 2 deletions(-)
To https://github.com/enabeteleazar/N-Eleazar.git
   3575b09..e064237  main -> main
Mise à jour du fichier /home/eleazar/N-Eleazar/README.md effectuée avec succès.
Des modifications détectées. Commit et push en cours...
[main 6ca2705] Mise à jour automatique via script
 2 files changed, 8 insertions(+), 2 deletions(-)
To https://github.com/enabeteleazar/N-Eleazar.git
   e064237..6ca2705  main -> main
Mise à jour du fichier /home/eleazar/N-Eleazar/README.md effectuée avec succès.
Des modifications détectées. Commit et push en cours...
[main f2f19be] Mise à jour automatique via script
 2 files changed, 8 insertions(+), 2 deletions(-)
To https://github.com/enabeteleazar/N-Eleazar.git
   6ca2705..f2f19be  main -> main
Mise à jour du fichier /home/eleazar/N-Eleazar/README.md effectuée avec succès.
Des modifications détectées. Commit et push en cours...
[main 5c3a2eb] Mise à jour automatique via script
 2 files changed, 8 insertions(+), 2 deletions(-)
To https://github.com/enabeteleazar/N-Eleazar.git
   f2f19be..5c3a2eb  main -> main
Mise à jour du fichier /home/eleazar/N-Eleazar/README.md effectuée avec succès.
Des modifications détectées. Commit et push en cours...
[main c4f2c44] Mise à jour automatique via script
 2 files changed, 8 insertions(+), 2 deletions(-)
To https://github.com/enabeteleazar/N-Eleazar.git
   5c3a2eb..c4f2c44  main -> main
Mise à jour du fichier /home/eleazar/N-Eleazar/README.md effectuée avec succès.
Des modifications détectées. Commit et push en cours...
[main ed2f350] Mise à jour automatique via script
 2 files changed, 8 insertions(+), 2 deletions(-)
fatal : impossible d'accéder à 'https://github.com/enabeteleazar/N-Eleazar.git/' : Could not resolve host: github.com
Mise à jour du fichier /home/eleazar/N-Eleazar/README.md effectuée avec succès.
Des modifications détectées. Commit et push en cours...
[main 77f8e34] Mise à jour automatique via script
 2 files changed, 7 insertions(+), 2 deletions(-)
fatal : impossible d'accéder à 'https://github.com/enabeteleazar/N-Eleazar.git/' : Could not resolve host: github.com
Mise à jour du fichier /home/eleazar/N-Eleazar/README.md effectuée avec succès.
Des modifications détectées. Commit et push en cours...
[main 3d13500] Mise à jour automatique via script
 2 files changed, 7 insertions(+), 2 deletions(-)
fatal : impossible d'accéder à 'https://github.com/enabeteleazar/N-Eleazar.git/' : Could not resolve host: github.com
Mise à jour du fichier /home/eleazar/N-Eleazar/README.md effectuée avec succès.
Des modifications détectées. Commit et push en cours...
[main 697c55b] Mise à jour automatique via script
 2 files changed, 7 insertions(+), 2 deletions(-)
fatal : impossible d'accéder à 'https://github.com/enabeteleazar/N-Eleazar.git/' : Could not resolve host: github.com
Mise à jour du fichier /home/eleazar/N-Eleazar/README.md effectuée avec succès.
Des modifications détectées. Commit et push en cours...
[main b0cde8f] Mise à jour automatique via script
 2 files changed, 7 insertions(+), 2 deletions(-)
fatal : impossible d'accéder à 'https://github.com/enabeteleazar/N-Eleazar.git/' : Could not resolve host: github.com
Mise à jour du fichier /home/eleazar/N-Eleazar/README.md effectuée avec succès.
Des modifications détectées. Commit et push en cours...
[main 3f699a1] Mise à jour automatique via script
 2 files changed, 7 insertions(+), 2 deletions(-)
fatal : impossible d'accéder à 'https://github.com/enabeteleazar/N-Eleazar.git/' : Could not resolve host: github.com
Mise à jour du fichier /home/eleazar/N-Eleazar/README.md effectuée avec succès.
Des modifications détectées. Commit et push en cours...
[main 44fa209] Mise à jour automatique via script
 2 files changed, 7 insertions(+), 2 deletions(-)
To https://github.com/enabeteleazar/N-Eleazar.git
   c4f2c44..44fa209  main -> main
Mise à jour du fichier /home/eleazar/N-Eleazar/README.md effectuée avec succès.
Des modifications détectées. Commit et push en cours...
